c:\users\renmingwu\desktop\第一章\2_编程\0101_rmwwhatisimage\rmwwhatisimage\debug\vc140.pdb
c:\users\renmingwu\desktop\第一章\2_编程\0101_rmwwhatisimage\rmwwhatisimage\debug\vc140.idb
c:\users\renmingwu\desktop\第一章\2_编程\0101_rmwwhatisimage\rmwwhatisimage\debug\bmpfile.obj
c:\users\renmingwu\desktop\第一章\2_编程\0101_rmwwhatisimage\rmwwhatisimage\debug\main0101.obj
c:\users\renmingwu\desktop\第一章\2_编程\0101_rmwwhatisimage\debug\rmwwhatisimage.ilk
c:\users\renmingwu\desktop\第一章\2_编程\0101_rmwwhatisimage\debug\rmwwhatisimage.exe
c:\users\renmingwu\desktop\第一章\2_编程\0101_rmwwhatisimage\debug\rmwwhatisimage.pdb
c:\users\renmingwu\desktop\《图像处理与图像分析基础》\第一章\2_给学生\1_编程\0101_rmwwhatisimage\rmwwhatisimage\debug\bmpfile.obj
c:\users\renmingwu\desktop\《图像处理与图像分析基础》\第一章\2_给学生\1_编程\0101_rmwwhatisimage\rmwwhatisimage\debug\main0101.obj
c:\users\renmingwu\desktop\《图像处理与图像分析基础》\第一章\2_给学生\1_编程\0101_rmwwhatisimage\rmwwhatisimage\debug\vc140.idb
c:\users\renmingwu\desktop\《图像处理与图像分析基础》\第一章\2_给学生\1_编程\0101_rmwwhatisimage\rmwwhatisimage\debug\vc140.pdb
c:\users\renmingwu\desktop\《图像处理与图像分析基础》\第一章\2_给学生\1_编程\0101_rmwwhatisimage\debug\rmwwhatisimage.pdb
c:\users\renmingwu\desktop\《图像处理与图像分析基础》\第一章\2_给学生\1_编程\0101_rmwwhatisimage\debug\rmwwhatisimage.exe
c:\users\renmingwu\desktop\《图像处理与图像分析基础》\第一章\2_给学生\1_编程\0101_rmwwhatisimage\debug\rmwwhatisimage.ilk
c:\users\renmingwu\desktop\《图像处理与图像分析基础》\第一章\2_给学生\1_编程\0101_rmwwhatisimage\rmwwhatisimage\debug\rmwwhatisimage.tlog\cl.command.1.tlog
c:\users\renmingwu\desktop\《图像处理与图像分析基础》\第一章\2_给学生\1_编程\0101_rmwwhatisimage\rmwwhatisimage\debug\rmwwhatisimage.tlog\cl.read.1.tlog
c:\users\renmingwu\desktop\《图像处理与图像分析基础》\第一章\2_给学生\1_编程\0101_rmwwhatisimage\rmwwhatisimage\debug\rmwwhatisimage.tlog\cl.write.1.tlog
c:\users\renmingwu\desktop\《图像处理与图像分析基础》\第一章\2_给学生\1_编程\0101_rmwwhatisimage\rmwwhatisimage\debug\rmwwhatisimage.tlog\link.command.1.tlog
c:\users\renmingwu\desktop\《图像处理与图像分析基础》\第一章\2_给学生\1_编程\0101_rmwwhatisimage\rmwwhatisimage\debug\rmwwhatisimage.tlog\link.read.1.tlog
c:\users\renmingwu\desktop\《图像处理与图像分析基础》\第一章\2_给学生\1_编程\0101_rmwwhatisimage\rmwwhatisimage\debug\rmwwhatisimage.tlog\link.write.1.tlog
