d:\02_《图像处理与图像分析基础》\《图像分析基础》ppt\6_第六章_目标形状描述\0603rmwcontourtraceandfill\rmwcontourtraceandfill\debug\vc140.pdb
d:\02_《图像处理与图像分析基础》\《图像分析基础》ppt\6_第六章_目标形状描述\0603rmwcontourtraceandfill\rmwcontourtraceandfill\debug\vc140.idb
d:\02_《图像处理与图像分析基础》\《图像分析基础》ppt\6_第六章_目标形状描述\0603rmwcontourtraceandfill\rmwcontourtraceandfill\debug\bmpfile.obj
d:\02_《图像处理与图像分析基础》\《图像分析基础》ppt\6_第六章_目标形状描述\0603rmwcontourtraceandfill\rmwcontourtraceandfill\debug\main0603.obj
d:\02_《图像处理与图像分析基础》\《图像分析基础》ppt\6_第六章_目标形状描述\0603rmwcontourtraceandfill\rmwcontourtraceandfill\debug\rmwalg_contourfill.obj
d:\02_《图像处理与图像分析基础》\《图像分析基础》ppt\6_第六章_目标形状描述\0603rmwcontourtraceandfill\rmwcontourtraceandfill\debug\rmwalg_contourtrace.obj
d:\02_《图像处理与图像分析基础》\《图像分析基础》ppt\6_第六章_目标形状描述\0603rmwcontourtraceandfill\debug\rmwcontourtraceandfill.ilk
d:\02_《图像处理与图像分析基础》\《图像分析基础》ppt\6_第六章_目标形状描述\0603rmwcontourtraceandfill\debug\rmwcontourtraceandfill.exe
d:\02_《图像处理与图像分析基础》\《图像分析基础》ppt\6_第六章_目标形状描述\0603rmwcontourtraceandfill\debug\rmwcontourtraceandfill.pdb
d:\02_《图像处理与图像分析基础》2021\《图像处理与图像分析基础》学习材料（含代码）\图像处理与图像分析基础_6_第六章_目标形状描述\0603rmwcontourtraceandfill\rmwcontourtraceandfill\debug\bmpfile.obj
d:\02_《图像处理与图像分析基础》2021\《图像处理与图像分析基础》学习材料（含代码）\图像处理与图像分析基础_6_第六章_目标形状描述\0603rmwcontourtraceandfill\rmwcontourtraceandfill\debug\main0603.obj
d:\02_《图像处理与图像分析基础》2021\《图像处理与图像分析基础》学习材料（含代码）\图像处理与图像分析基础_6_第六章_目标形状描述\0603rmwcontourtraceandfill\rmwcontourtraceandfill\debug\rmwalg_contourfill.obj
d:\02_《图像处理与图像分析基础》2021\《图像处理与图像分析基础》学习材料（含代码）\图像处理与图像分析基础_6_第六章_目标形状描述\0603rmwcontourtraceandfill\rmwcontourtraceandfill\debug\rmwalg_contourtrace.obj
d:\02_《图像处理与图像分析基础》2021\《图像处理与图像分析基础》学习材料（含代码）\图像处理与图像分析基础_6_第六章_目标形状描述\0603rmwcontourtraceandfill\rmwcontourtraceandfill\debug\vc140.idb
d:\02_《图像处理与图像分析基础》2021\《图像处理与图像分析基础》学习材料（含代码）\图像处理与图像分析基础_6_第六章_目标形状描述\0603rmwcontourtraceandfill\rmwcontourtraceandfill\debug\vc140.pdb
d:\02_《图像处理与图像分析基础》2021\《图像处理与图像分析基础》学习材料（含代码）\图像处理与图像分析基础_6_第六章_目标形状描述\0603rmwcontourtraceandfill\debug\rmwcontourtraceandfill.pdb
d:\02_《图像处理与图像分析基础》2021\《图像处理与图像分析基础》学习材料（含代码）\图像处理与图像分析基础_6_第六章_目标形状描述\0603rmwcontourtraceandfill\debug\rmwcontourtraceandfill.exe
d:\02_《图像处理与图像分析基础》2021\《图像处理与图像分析基础》学习材料（含代码）\图像处理与图像分析基础_6_第六章_目标形状描述\0603rmwcontourtraceandfill\debug\rmwcontourtraceandfill.ilk
d:\02_《图像处理与图像分析基础》2021\《图像处理与图像分析基础》学习材料（含代码）\图像处理与图像分析基础_6_第六章_目标形状描述\0603rmwcontourtraceandfill\rmwcontourtraceandfill\debug\rmwconto.e11db969.tlog\cl.command.1.tlog
d:\02_《图像处理与图像分析基础》2021\《图像处理与图像分析基础》学习材料（含代码）\图像处理与图像分析基础_6_第六章_目标形状描述\0603rmwcontourtraceandfill\rmwcontourtraceandfill\debug\rmwconto.e11db969.tlog\cl.read.1.tlog
d:\02_《图像处理与图像分析基础》2021\《图像处理与图像分析基础》学习材料（含代码）\图像处理与图像分析基础_6_第六章_目标形状描述\0603rmwcontourtraceandfill\rmwcontourtraceandfill\debug\rmwconto.e11db969.tlog\cl.write.1.tlog
d:\02_《图像处理与图像分析基础》2021\《图像处理与图像分析基础》学习材料（含代码）\图像处理与图像分析基础_6_第六章_目标形状描述\0603rmwcontourtraceandfill\rmwcontourtraceandfill\debug\rmwconto.e11db969.tlog\link.command.1.tlog
d:\02_《图像处理与图像分析基础》2021\《图像处理与图像分析基础》学习材料（含代码）\图像处理与图像分析基础_6_第六章_目标形状描述\0603rmwcontourtraceandfill\rmwcontourtraceandfill\debug\rmwconto.e11db969.tlog\link.read.1.tlog
d:\02_《图像处理与图像分析基础》2021\《图像处理与图像分析基础》学习材料（含代码）\图像处理与图像分析基础_6_第六章_目标形状描述\0603rmwcontourtraceandfill\rmwcontourtraceandfill\debug\rmwconto.e11db969.tlog\link.write.1.tlog
